INFO 2022-03-02 11:06:30,254 autoreload 677 Watching for file changes with StatReloader
INFO 2022-03-02 11:06:36,571 autoreload 677 Watching for file changes with StatReloader
INFO 2022-03-02 11:21:22,642 autoreload 266 D:\virtual_env\QAPMS\QAPMS\settings\dev.py changed, reloading.
INFO 2022-03-02 11:21:23,333 autoreload 677 Watching for file changes with StatReloader
INFO 2022-03-02 11:36:20,206 autoreload 266 D:\virtual_env\QAPMS\QAPMS\apps\projects\models.py changed, reloading.
INFO 2022-03-02 11:36:20,831 autoreload 677 Watching for file changes with StatReloader
INFO 2022-03-02 11:42:12,741 autoreload 266 D:\virtual_env\QAPMS\QAPMS\apps\projects\urls.py changed, reloading.
INFO 2022-03-02 11:42:13,567 autoreload 677 Watching for file changes with StatReloader
INFO 2022-03-02 11:43:56,786 autoreload 266 D:\virtual_env\QAPMS\QAPMS\apps\projects\views.py changed, reloading.
INFO 2022-03-02 11:43:57,364 autoreload 677 Watching for file changes with StatReloader
INFO 2022-03-02 11:46:45,688 autoreload 266 D:\virtual_env\QAPMS\QAPMS\urls.py changed, reloading.
INFO 2022-03-02 11:46:46,251 autoreload 677 Watching for file changes with StatReloader
INFO 2022-03-02 12:05:32,617 autoreload 266 D:\virtual_env\QAPMS\QAPMS\apps\projects\urls.py changed, reloading.
INFO 2022-03-02 12:05:33,148 autoreload 677 Watching for file changes with StatReloader
INFO 2022-03-02 12:05:39,532 autoreload 266 D:\virtual_env\QAPMS\QAPMS\apps\projects\views.py changed, reloading.
INFO 2022-03-02 12:05:40,173 autoreload 677 Watching for file changes with StatReloader
INFO 2022-03-02 12:05:56,753 autoreload 266 D:\virtual_env\QAPMS\QAPMS\apps\projects\views.py changed, reloading.
INFO 2022-03-02 12:05:57,284 autoreload 677 Watching for file changes with StatReloader
INFO 2022-03-02 12:06:09,779 autoreload 266 D:\virtual_env\QAPMS\QAPMS\apps\projects\views.py changed, reloading.
INFO 2022-03-02 12:06:10,295 autoreload 677 Watching for file changes with StatReloader
INFO 2022-03-02 12:06:23,821 autoreload 266 D:\virtual_env\QAPMS\QAPMS\apps\projects\views.py changed, reloading.
INFO 2022-03-02 12:06:24,353 autoreload 677 Watching for file changes with StatReloader
INFO 2022-03-02 12:06:38,882 autoreload 266 D:\virtual_env\QAPMS\QAPMS\apps\projects\views.py changed, reloading.
INFO 2022-03-02 12:06:39,429 autoreload 677 Watching for file changes with StatReloader
INFO 2022-03-02 12:06:47,842 autoreload 266 D:\virtual_env\QAPMS\QAPMS\apps\projects\views.py changed, reloading.
INFO 2022-03-02 12:06:48,373 autoreload 677 Watching for file changes with StatReloader
INFO 2022-03-02 12:08:35,677 autoreload 266 D:\virtual_env\QAPMS\QAPMS\apps\projects\views.py changed, reloading.
INFO 2022-03-02 12:08:36,208 autoreload 677 Watching for file changes with StatReloader
INFO 2022-03-02 12:10:01,296 autoreload 266 D:\virtual_env\QAPMS\QAPMS\apps\projects\urls.py changed, reloading.
INFO 2022-03-02 12:10:01,882 autoreload 677 Watching for file changes with StatReloader
INFO 2022-03-02 12:34:10,270 autoreload 266 D:\virtual_env\QAPMS\QAPMS\apps\projects\views.py changed, reloading.
INFO 2022-03-02 12:34:10,891 autoreload 677 Watching for file changes with StatReloader
INFO 2022-03-02 12:41:14,303 autoreload 266 D:\virtual_env\QAPMS\QAPMS\apps\projects\views.py changed, reloading.
INFO 2022-03-02 12:41:14,874 autoreload 677 Watching for file changes with StatReloader
INFO 2022-03-02 12:41:23,340 autoreload 266 D:\virtual_env\QAPMS\QAPMS\apps\projects\views.py changed, reloading.
INFO 2022-03-02 12:41:23,872 autoreload 677 Watching for file changes with StatReloader
INFO 2022-03-02 12:44:18,228 autoreload 266 D:\virtual_env\QAPMS\QAPMS\apps\projects\views.py changed, reloading.
INFO 2022-03-02 12:44:18,830 autoreload 677 Watching for file changes with StatReloader
INFO 2022-03-02 12:47:02,001 autoreload 266 D:\virtual_env\QAPMS\QAPMS\apps\projects\views.py changed, reloading.
INFO 2022-03-02 12:47:02,547 autoreload 677 Watching for file changes with StatReloader
INFO 2022-03-02 12:50:44,327 autoreload 266 D:\virtual_env\QAPMS\QAPMS\apps\projects\views.py changed, reloading.
INFO 2022-03-02 12:50:44,961 autoreload 677 Watching for file changes with StatReloader
INFO 2022-03-02 12:54:05,399 autoreload 266 D:\virtual_env\QAPMS\QAPMS\apps\projects\views.py changed, reloading.
INFO 2022-03-02 12:54:05,996 autoreload 677 Watching for file changes with StatReloader
INFO 2022-03-02 12:54:32,822 autoreload 266 D:\virtual_env\QAPMS\QAPMS\apps\projects\views.py changed, reloading.
INFO 2022-03-02 12:54:33,338 autoreload 677 Watching for file changes with StatReloader
INFO 2022-03-02 13:00:22,567 autoreload 266 D:\virtual_env\QAPMS\QAPMS\apps\projects\views.py changed, reloading.
INFO 2022-03-02 13:00:23,083 autoreload 677 Watching for file changes with StatReloader
INFO 2022-03-02 13:01:10,165 autoreload 266 D:\virtual_env\QAPMS\QAPMS\apps\projects\views.py changed, reloading.
INFO 2022-03-02 13:01:10,774 autoreload 677 Watching for file changes with StatReloader
INFO 2022-03-02 13:01:54,990 autoreload 266 D:\virtual_env\QAPMS\QAPMS\apps\projects\views.py changed, reloading.
INFO 2022-03-02 13:01:55,536 autoreload 677 Watching for file changes with StatReloader
INFO 2022-03-02 13:02:21,261 autoreload 266 D:\virtual_env\QAPMS\QAPMS\apps\projects\views.py changed, reloading.
INFO 2022-03-02 13:02:21,808 autoreload 677 Watching for file changes with StatReloader
INFO 2022-03-02 13:02:42,409 autoreload 266 D:\virtual_env\QAPMS\QAPMS\apps\projects\views.py changed, reloading.
INFO 2022-03-02 13:02:42,940 autoreload 677 Watching for file changes with StatReloader
INFO 2022-03-02 13:03:35,591 autoreload 266 D:\virtual_env\QAPMS\QAPMS\apps\projects\views.py changed, reloading.
INFO 2022-03-02 13:03:36,138 autoreload 677 Watching for file changes with StatReloader
INFO 2022-03-02 13:07:52,022 autoreload 266 D:\virtual_env\QAPMS\QAPMS\apps\projects\views.py changed, reloading.
INFO 2022-03-02 13:07:52,599 autoreload 677 Watching for file changes with StatReloader
INFO 2022-03-02 13:09:24,694 autoreload 266 D:\virtual_env\QAPMS\QAPMS\apps\projects\views.py changed, reloading.
INFO 2022-03-02 13:09:25,256 autoreload 677 Watching for file changes with StatReloader
INFO 2022-03-02 13:10:16,657 autoreload 266 D:\virtual_env\QAPMS\QAPMS\apps\projects\views.py changed, reloading.
INFO 2022-03-02 13:10:17,188 autoreload 677 Watching for file changes with StatReloader
INFO 2022-03-02 13:13:55,298 autoreload 266 D:\virtual_env\QAPMS\QAPMS\apps\projects\views.py changed, reloading.
INFO 2022-03-02 13:13:55,829 autoreload 677 Watching for file changes with StatReloader
INFO 2022-03-02 13:41:18,680 autoreload 266 D:\virtual_env\QAPMS\QAPMS\apps\projects\views.py changed, reloading.
INFO 2022-03-02 13:41:19,260 autoreload 677 Watching for file changes with StatReloader
INFO 2022-03-02 13:48:16,768 autoreload 677 Watching for file changes with StatReloader
INFO 2022-03-02 13:52:05,194 autoreload 266 D:\virtual_env\QAPMS\QAPMS\urls.py changed, reloading.
INFO 2022-03-02 13:52:05,882 autoreload 677 Watching for file changes with StatReloader
INFO 2022-03-02 13:53:33,964 autoreload 266 D:\virtual_env\QAPMS\QAPMS\apps\projects\urls.py changed, reloading.
INFO 2022-03-02 13:53:34,512 autoreload 677 Watching for file changes with StatReloader
INFO 2022-03-02 13:54:26,848 autoreload 266 D:\virtual_env\QAPMS\QAPMS\urls.py changed, reloading.
INFO 2022-03-02 13:54:27,423 autoreload 677 Watching for file changes with StatReloader
INFO 2022-03-02 13:54:29,547 autoreload 677 Watching for file changes with StatReloader
INFO 2022-03-02 13:54:43,047 autoreload 266 D:\virtual_env\QAPMS\QAPMS\apps\projects\urls.py changed, reloading.
INFO 2022-03-02 13:54:43,609 autoreload 677 Watching for file changes with StatReloader
INFO 2022-03-02 14:00:51,666 autoreload 266 D:\virtual_env\QAPMS\QAPMS\urls.py changed, reloading.
INFO 2022-03-02 14:00:52,250 autoreload 677 Watching for file changes with StatReloader
INFO 2022-03-02 14:07:02,299 autoreload 677 Watching for file changes with StatReloader
INFO 2022-03-02 14:09:09,699 autoreload 677 Watching for file changes with StatReloader
INFO 2022-03-02 14:10:06,027 autoreload 266 D:\virtual_env\QAPMS\QAPMS\urls.py changed, reloading.
INFO 2022-03-02 14:10:06,558 autoreload 677 Watching for file changes with StatReloader
INFO 2022-03-02 14:12:09,026 autoreload 266 D:\virtual_env\QAPMS\QAPMS\urls.py changed, reloading.
INFO 2022-03-02 14:12:09,572 autoreload 677 Watching for file changes with StatReloader
INFO 2022-03-02 14:13:23,965 autoreload 677 Watching for file changes with StatReloader
WARNING 2022-03-02 14:13:25,234 log 241 Not Found: /
WARNING 2022-03-02 14:13:25,235 basehttp 187 "GET / HTTP/1.1" 404 2290
WARNING 2022-03-02 14:13:25,342 log 241 Not Found: /favicon.ico
WARNING 2022-03-02 14:13:25,342 basehttp 187 "GET /favicon.ico HTTP/1.1" 404 2341
INFO 2022-03-02 14:13:39,512 basehttp 187 "GET /test HTTP/1.1" 301 0
INFO 2022-03-02 14:13:39,539 basehttp 187 "GET /test/ HTTP/1.1" 200 3
INFO 2022-03-02 14:13:50,029 basehttp 187 "GET /projects HTTP/1.1" 301 0
INFO 2022-03-02 14:13:50,061 basehttp 187 "GET /projects/ HTTP/1.1" 200 2550
WARNING 2022-03-02 14:13:50,092 basehttp 187 "GET /static/css/reset.css HTTP/1.1" 404 1798
WARNING 2022-03-02 14:13:50,096 basehttp 187 "GET /static/js/vue-2.5.16.js HTTP/1.1" 404 1807
WARNING 2022-03-02 14:13:50,096 basehttp 187 "GET /static/css/main.css HTTP/1.1" 404 1795
WARNING 2022-03-02 14:13:50,097 basehttp 187 "GET /static/js/axios-0.18.0.min.js HTTP/1.1" 404 1825
WARNING 2022-03-02 14:13:50,099 basehttp 187 "GET /static/js/user_center_site.js HTTP/1.1" 404 1825
WARNING 2022-03-02 14:13:50,099 basehttp 187 "GET /static/js/common.js HTTP/1.1" 404 1795
WARNING 2022-03-02 14:13:50,175 basehttp 187 "GET /static/js/user_center_site.js HTTP/1.1" 404 1825
INFO 2022-03-02 16:03:23,830 basehttp 187 "GET /projects/ HTTP/1.1" 200 2054
WARNING 2022-03-02 16:03:23,862 basehttp 187 "GET /static/js/vue-2.5.16.js HTTP/1.1" 404 1807
WARNING 2022-03-02 16:03:23,862 basehttp 187 "GET /static/css/reset.css HTTP/1.1" 404 1798
WARNING 2022-03-02 16:03:23,864 basehttp 187 "GET /static/css/main.css HTTP/1.1" 404 1795
WARNING 2022-03-02 16:03:23,867 basehttp 187 "GET /static/js/axios-0.18.0.min.js HTTP/1.1" 404 1825
WARNING 2022-03-02 16:03:23,869 basehttp 187 "GET /static/js/common.js HTTP/1.1" 404 1795
WARNING 2022-03-02 16:03:23,869 basehttp 187 "GET /static/js/user_center_site.js HTTP/1.1" 404 1825
WARNING 2022-03-02 16:03:23,877 basehttp 187 "GET /static/js/user_center_site.js HTTP/1.1" 404 1825
INFO 2022-03-02 16:08:56,049 basehttp 187 "GET /projects/ HTTP/1.1" 200 1638
INFO 2022-03-03 10:21:48,975 autoreload 677 Watching for file changes with StatReloader
WARNING 2022-03-03 10:21:59,438 log 241 Not Found: /
WARNING 2022-03-03 10:21:59,439 basehttp 187 "GET / HTTP/1.1" 404 2290
INFO 2022-03-03 10:22:09,374 basehttp 187 "GET /projects/ HTTP/1.1" 200 136
ERROR 2022-03-03 10:24:44,024 log 241 Internal Server Error: /projects/
Traceback (most recent call last):
  File "D:\virtual_env\env1\lib\site-packages\django\template\backends\jinja2.py", line 42, in get_template
    return Template(self.env.get_template(template_name), self)
  File "D:\virtual_env\env1\lib\site-packages\jinja2\environment.py", line 997, in get_template
    return self._load_template(name, globals)
  File "D:\virtual_env\env1\lib\site-packages\jinja2\environment.py", line 958, in _load_template
    template = self.loader.load(self, name, self.make_globals(globals))
  File "D:\virtual_env\env1\lib\site-packages\jinja2\loaders.py", line 137, in load
    code = environment.compile(source, name, filename)
  File "D:\virtual_env\env1\lib\site-packages\jinja2\environment.py", line 757, in compile
    self.handle_exception(source=source_hint)
  File "D:\virtual_env\env1\lib\site-packages\jinja2\environment.py", line 925, in handle_exception
    raise rewrite_traceback_stack(source=source)
  File "D:\virtual_env\QAPMS\QAPMS\templates\projects.html", line 9, in template
    <li>{{ project }}</li>
jinja2.exceptions.TemplateSyntaxError: Unexpected end of template. Jinja was looking for the following tags: 'endfor' or 'else'. The innermost block that needs to be closed is 'for'.

The above exception was the direct cause of the following exception:

Traceback (most recent call last):
  File "D:\virtual_env\env1\lib\site-packages\django\core\handlers\exception.py", line 55, in inner
    response = get_response(request)
  File "D:\virtual_env\env1\lib\site-packages\django\core\handlers\base.py", line 197, in _get_response
    response = wrapped_callback(request, *callback_args, **callback_kwargs)
  File "D:\virtual_env\env1\lib\site-packages\django\views\generic\base.py", line 84, in view
    return self.dispatch(request, *args, **kwargs)
  File "D:\virtual_env\env1\lib\site-packages\django\views\generic\base.py", line 119, in dispatch
    return handler(request, *args, **kwargs)
  File "D:\virtual_env\QAPMS\QAPMS\apps\projects\views.py", line 38, in get
    return render(request, 'projects.html', context)
  File "D:\virtual_env\env1\lib\site-packages\django\shortcuts.py", line 24, in render
    content = loader.render_to_string(template_name, context, request, using=using)
  File "D:\virtual_env\env1\lib\site-packages\django\template\loader.py", line 61, in render_to_string
    template = get_template(template_name, using=using)
  File "D:\virtual_env\env1\lib\site-packages\django\template\loader.py", line 15, in get_template
    return engine.get_template(template_name)
  File "D:\virtual_env\env1\lib\site-packages\django\template\backends\jinja2.py", line 48, in get_template
    raise new from exc
django.template.exceptions.TemplateSyntaxError: ("Unexpected end of template. Jinja was looking for the following tags: 'endfor' or 'else'. The innermost block that needs to be closed is 'for'.",)
ERROR 2022-03-03 10:24:44,027 basehttp 187 "GET /projects/ HTTP/1.1" 500 131049
ERROR 2022-03-03 10:24:49,339 log 241 Internal Server Error: /projects/
Traceback (most recent call last):
  File "D:\virtual_env\env1\lib\site-packages\django\template\backends\jinja2.py", line 42, in get_template
    return Template(self.env.get_template(template_name), self)
  File "D:\virtual_env\env1\lib\site-packages\jinja2\environment.py", line 997, in get_template
    return self._load_template(name, globals)
  File "D:\virtual_env\env1\lib\site-packages\jinja2\environment.py", line 958, in _load_template
    template = self.loader.load(self, name, self.make_globals(globals))
  File "D:\virtual_env\env1\lib\site-packages\jinja2\loaders.py", line 137, in load
    code = environment.compile(source, name, filename)
  File "D:\virtual_env\env1\lib\site-packages\jinja2\environment.py", line 757, in compile
    self.handle_exception(source=source_hint)
  File "D:\virtual_env\env1\lib\site-packages\jinja2\environment.py", line 925, in handle_exception
    raise rewrite_traceback_stack(source=source)
  File "D:\virtual_env\QAPMS\QAPMS\templates\projects.html", line 9, in template
    <li>{{ project }}</li>
jinja2.exceptions.TemplateSyntaxError: Unexpected end of template. Jinja was looking for the following tags: 'endfor' or 'else'. The innermost block that needs to be closed is 'for'.

The above exception was the direct cause of the following exception:

Traceback (most recent call last):
  File "D:\virtual_env\env1\lib\site-packages\django\core\handlers\exception.py", line 55, in inner
    response = get_response(request)
  File "D:\virtual_env\env1\lib\site-packages\django\core\handlers\base.py", line 197, in _get_response
    response = wrapped_callback(request, *callback_args, **callback_kwargs)
  File "D:\virtual_env\env1\lib\site-packages\django\views\generic\base.py", line 84, in view
    return self.dispatch(request, *args, **kwargs)
  File "D:\virtual_env\env1\lib\site-packages\django\views\generic\base.py", line 119, in dispatch
    return handler(request, *args, **kwargs)
  File "D:\virtual_env\QAPMS\QAPMS\apps\projects\views.py", line 38, in get
    return render(request, 'projects.html', context)
  File "D:\virtual_env\env1\lib\site-packages\django\shortcuts.py", line 24, in render
    content = loader.render_to_string(template_name, context, request, using=using)
  File "D:\virtual_env\env1\lib\site-packages\django\template\loader.py", line 61, in render_to_string
    template = get_template(template_name, using=using)
  File "D:\virtual_env\env1\lib\site-packages\django\template\loader.py", line 15, in get_template
    return engine.get_template(template_name)
  File "D:\virtual_env\env1\lib\site-packages\django\template\backends\jinja2.py", line 48, in get_template
    raise new from exc
django.template.exceptions.TemplateSyntaxError: ("Unexpected end of template. Jinja was looking for the following tags: 'endfor' or 'else'. The innermost block that needs to be closed is 'for'.",)
ERROR 2022-03-03 10:24:49,341 basehttp 187 "GET /projects/ HTTP/1.1" 500 131049
ERROR 2022-03-03 10:27:11,147 log 241 Internal Server Error: /projects/
Traceback (most recent call last):
  File "D:\virtual_env\env1\lib\site-packages\django\template\backends\jinja2.py", line 42, in get_template
    return Template(self.env.get_template(template_name), self)
  File "D:\virtual_env\env1\lib\site-packages\jinja2\environment.py", line 997, in get_template
    return self._load_template(name, globals)
  File "D:\virtual_env\env1\lib\site-packages\jinja2\environment.py", line 958, in _load_template
    template = self.loader.load(self, name, self.make_globals(globals))
  File "D:\virtual_env\env1\lib\site-packages\jinja2\loaders.py", line 137, in load
    code = environment.compile(source, name, filename)
  File "D:\virtual_env\env1\lib\site-packages\jinja2\environment.py", line 757, in compile
    self.handle_exception(source=source_hint)
  File "D:\virtual_env\env1\lib\site-packages\jinja2\environment.py", line 925, in handle_exception
    raise rewrite_traceback_stack(source=source)
  File "D:\virtual_env\QAPMS\QAPMS\templates\projects.html", line 9, in template
    <li>{{ project.id }}</li>
jinja2.exceptions.TemplateSyntaxError: Unexpected end of template. Jinja was looking for the following tags: 'endfor' or 'else'. The innermost block that needs to be closed is 'for'.

The above exception was the direct cause of the following exception:

Traceback (most recent call last):
  File "D:\virtual_env\env1\lib\site-packages\django\core\handlers\exception.py", line 55, in inner
    response = get_response(request)
  File "D:\virtual_env\env1\lib\site-packages\django\core\handlers\base.py", line 197, in _get_response
    response = wrapped_callback(request, *callback_args, **callback_kwargs)
  File "D:\virtual_env\env1\lib\site-packages\django\views\generic\base.py", line 84, in view
    return self.dispatch(request, *args, **kwargs)
  File "D:\virtual_env\env1\lib\site-packages\django\views\generic\base.py", line 119, in dispatch
    return handler(request, *args, **kwargs)
  File "D:\virtual_env\QAPMS\QAPMS\apps\projects\views.py", line 38, in get
    return render(request, 'projects.html', context)
  File "D:\virtual_env\env1\lib\site-packages\django\shortcuts.py", line 24, in render
    content = loader.render_to_string(template_name, context, request, using=using)
  File "D:\virtual_env\env1\lib\site-packages\django\template\loader.py", line 61, in render_to_string
    template = get_template(template_name, using=using)
  File "D:\virtual_env\env1\lib\site-packages\django\template\loader.py", line 15, in get_template
    return engine.get_template(template_name)
  File "D:\virtual_env\env1\lib\site-packages\django\template\backends\jinja2.py", line 48, in get_template
    raise new from exc
django.template.exceptions.TemplateSyntaxError: ("Unexpected end of template. Jinja was looking for the following tags: 'endfor' or 'else'. The innermost block that needs to be closed is 'for'.",)
ERROR 2022-03-03 10:27:11,149 basehttp 187 "GET /projects/ HTTP/1.1" 500 131073
ERROR 2022-03-03 10:27:15,791 log 241 Internal Server Error: /projects/
Traceback (most recent call last):
  File "D:\virtual_env\env1\lib\site-packages\django\template\backends\jinja2.py", line 42, in get_template
    return Template(self.env.get_template(template_name), self)
  File "D:\virtual_env\env1\lib\site-packages\jinja2\environment.py", line 997, in get_template
    return self._load_template(name, globals)
  File "D:\virtual_env\env1\lib\site-packages\jinja2\environment.py", line 958, in _load_template
    template = self.loader.load(self, name, self.make_globals(globals))
  File "D:\virtual_env\env1\lib\site-packages\jinja2\loaders.py", line 137, in load
    code = environment.compile(source, name, filename)
  File "D:\virtual_env\env1\lib\site-packages\jinja2\environment.py", line 757, in compile
    self.handle_exception(source=source_hint)
  File "D:\virtual_env\env1\lib\site-packages\jinja2\environment.py", line 925, in handle_exception
    raise rewrite_traceback_stack(source=source)
  File "D:\virtual_env\QAPMS\QAPMS\templates\projects.html", line 9, in template
    <li>{{ project.id }}</li>
jinja2.exceptions.TemplateSyntaxError: Unexpected end of template. Jinja was looking for the following tags: 'endfor' or 'else'. The innermost block that needs to be closed is 'for'.

The above exception was the direct cause of the following exception:

Traceback (most recent call last):
  File "D:\virtual_env\env1\lib\site-packages\django\core\handlers\exception.py", line 55, in inner
    response = get_response(request)
  File "D:\virtual_env\env1\lib\site-packages\django\core\handlers\base.py", line 197, in _get_response
    response = wrapped_callback(request, *callback_args, **callback_kwargs)
  File "D:\virtual_env\env1\lib\site-packages\django\views\generic\base.py", line 84, in view
    return self.dispatch(request, *args, **kwargs)
  File "D:\virtual_env\env1\lib\site-packages\django\views\generic\base.py", line 119, in dispatch
    return handler(request, *args, **kwargs)
  File "D:\virtual_env\QAPMS\QAPMS\apps\projects\views.py", line 38, in get
    return render(request, 'projects.html', context)
  File "D:\virtual_env\env1\lib\site-packages\django\shortcuts.py", line 24, in render
    content = loader.render_to_string(template_name, context, request, using=using)
  File "D:\virtual_env\env1\lib\site-packages\django\template\loader.py", line 61, in render_to_string
    template = get_template(template_name, using=using)
  File "D:\virtual_env\env1\lib\site-packages\django\template\loader.py", line 15, in get_template
    return engine.get_template(template_name)
  File "D:\virtual_env\env1\lib\site-packages\django\template\backends\jinja2.py", line 48, in get_template
    raise new from exc
django.template.exceptions.TemplateSyntaxError: ("Unexpected end of template. Jinja was looking for the following tags: 'endfor' or 'else'. The innermost block that needs to be closed is 'for'.",)
ERROR 2022-03-03 10:27:15,793 basehttp 187 "GET /projects/ HTTP/1.1" 500 131073
ERROR 2022-03-03 10:27:40,297 log 241 Internal Server Error: /projects/
Traceback (most recent call last):
  File "D:\virtual_env\env1\lib\site-packages\django\template\backends\jinja2.py", line 42, in get_template
    return Template(self.env.get_template(template_name), self)
  File "D:\virtual_env\env1\lib\site-packages\jinja2\environment.py", line 997, in get_template
    return self._load_template(name, globals)
  File "D:\virtual_env\env1\lib\site-packages\jinja2\environment.py", line 958, in _load_template
    template = self.loader.load(self, name, self.make_globals(globals))
  File "D:\virtual_env\env1\lib\site-packages\jinja2\loaders.py", line 137, in load
    code = environment.compile(source, name, filename)
  File "D:\virtual_env\env1\lib\site-packages\jinja2\environment.py", line 757, in compile
    self.handle_exception(source=source_hint)
  File "D:\virtual_env\env1\lib\site-packages\jinja2\environment.py", line 925, in handle_exception
    raise rewrite_traceback_stack(source=source)
  File "D:\virtual_env\QAPMS\QAPMS\templates\projects.html", line 9, in template
    <li>{{ project.id }}</li>
jinja2.exceptions.TemplateSyntaxError: Unexpected end of template. Jinja was looking for the following tags: 'endfor' or 'else'. The innermost block that needs to be closed is 'for'.

The above exception was the direct cause of the following exception:

Traceback (most recent call last):
  File "D:\virtual_env\env1\lib\site-packages\django\core\handlers\exception.py", line 55, in inner
    response = get_response(request)
  File "D:\virtual_env\env1\lib\site-packages\django\core\handlers\base.py", line 197, in _get_response
    response = wrapped_callback(request, *callback_args, **callback_kwargs)
  File "D:\virtual_env\env1\lib\site-packages\django\views\generic\base.py", line 84, in view
    return self.dispatch(request, *args, **kwargs)
  File "D:\virtual_env\env1\lib\site-packages\django\views\generic\base.py", line 119, in dispatch
    return handler(request, *args, **kwargs)
  File "D:\virtual_env\QAPMS\QAPMS\apps\projects\views.py", line 38, in get
    return render(request, 'projects.html', context)
  File "D:\virtual_env\env1\lib\site-packages\django\shortcuts.py", line 24, in render
    content = loader.render_to_string(template_name, context, request, using=using)
  File "D:\virtual_env\env1\lib\site-packages\django\template\loader.py", line 61, in render_to_string
    template = get_template(template_name, using=using)
  File "D:\virtual_env\env1\lib\site-packages\django\template\loader.py", line 15, in get_template
    return engine.get_template(template_name)
  File "D:\virtual_env\env1\lib\site-packages\django\template\backends\jinja2.py", line 48, in get_template
    raise new from exc
django.template.exceptions.TemplateSyntaxError: ("Unexpected end of template. Jinja was looking for the following tags: 'endfor' or 'else'. The innermost block that needs to be closed is 'for'.",)
ERROR 2022-03-03 10:27:40,298 basehttp 187 "GET /projects/ HTTP/1.1" 500 131101
ERROR 2022-03-03 10:27:52,398 log 241 Internal Server Error: /projects/
Traceback (most recent call last):
  File "D:\virtual_env\env1\lib\site-packages\django\template\backends\jinja2.py", line 42, in get_template
    return Template(self.env.get_template(template_name), self)
  File "D:\virtual_env\env1\lib\site-packages\jinja2\environment.py", line 997, in get_template
    return self._load_template(name, globals)
  File "D:\virtual_env\env1\lib\site-packages\jinja2\environment.py", line 958, in _load_template
    template = self.loader.load(self, name, self.make_globals(globals))
  File "D:\virtual_env\env1\lib\site-packages\jinja2\loaders.py", line 137, in load
    code = environment.compile(source, name, filename)
  File "D:\virtual_env\env1\lib\site-packages\jinja2\environment.py", line 757, in compile
    self.handle_exception(source=source_hint)
  File "D:\virtual_env\env1\lib\site-packages\jinja2\environment.py", line 925, in handle_exception
    raise rewrite_traceback_stack(source=source)
  File "D:\virtual_env\QAPMS\QAPMS\templates\projects.html", line 9, in template
    <li>{{ project }}</li>
jinja2.exceptions.TemplateSyntaxError: Unexpected end of template. Jinja was looking for the following tags: 'endfor' or 'else'. The innermost block that needs to be closed is 'for'.

The above exception was the direct cause of the following exception:

Traceback (most recent call last):
  File "D:\virtual_env\env1\lib\site-packages\django\core\handlers\exception.py", line 55, in inner
    response = get_response(request)
  File "D:\virtual_env\env1\lib\site-packages\django\core\handlers\base.py", line 197, in _get_response
    response = wrapped_callback(request, *callback_args, **callback_kwargs)
  File "D:\virtual_env\env1\lib\site-packages\django\views\generic\base.py", line 84, in view
    return self.dispatch(request, *args, **kwargs)
  File "D:\virtual_env\env1\lib\site-packages\django\views\generic\base.py", line 119, in dispatch
    return handler(request, *args, **kwargs)
  File "D:\virtual_env\QAPMS\QAPMS\apps\projects\views.py", line 38, in get
    return render(request, 'projects.html', context)
  File "D:\virtual_env\env1\lib\site-packages\django\shortcuts.py", line 24, in render
    content = loader.render_to_string(template_name, context, request, using=using)
  File "D:\virtual_env\env1\lib\site-packages\django\template\loader.py", line 61, in render_to_string
    template = get_template(template_name, using=using)
  File "D:\virtual_env\env1\lib\site-packages\django\template\loader.py", line 15, in get_template
    return engine.get_template(template_name)
  File "D:\virtual_env\env1\lib\site-packages\django\template\backends\jinja2.py", line 48, in get_template
    raise new from exc
django.template.exceptions.TemplateSyntaxError: ("Unexpected end of template. Jinja was looking for the following tags: 'endfor' or 'else'. The innermost block that needs to be closed is 'for'.",)
ERROR 2022-03-03 10:27:52,400 basehttp 187 "GET /projects/ HTTP/1.1" 500 131077
INFO 2022-03-03 10:28:13,248 basehttp 187 "GET /projects/ HTTP/1.1" 200 753
INFO 2022-03-03 10:28:38,576 basehttp 187 "GET /projects/ HTTP/1.1" 200 753
INFO 2022-03-03 11:10:19,128 autoreload 266 D:\virtual_env\QAPMS\QAPMS\apps\projects\urls.py changed, reloading.
INFO 2022-03-03 11:10:19,831 autoreload 677 Watching for file changes with StatReloader
INFO 2022-03-03 11:10:55,419 autoreload 266 D:\virtual_env\QAPMS\QAPMS\apps\projects\views.py changed, reloading.
INFO 2022-03-03 11:10:56,013 autoreload 677 Watching for file changes with StatReloader
INFO 2022-03-03 11:11:11,803 autoreload 266 D:\virtual_env\QAPMS\QAPMS\apps\projects\views.py changed, reloading.
INFO 2022-03-03 11:11:12,366 autoreload 677 Watching for file changes with StatReloader
INFO 2022-03-03 11:14:04,195 autoreload 266 D:\virtual_env\QAPMS\QAPMS\apps\projects\views.py changed, reloading.
INFO 2022-03-03 11:14:04,792 autoreload 677 Watching for file changes with StatReloader
INFO 2022-03-03 11:14:07,735 basehttp 187 "GET /project/1 HTTP/1.1" 301 0
INFO 2022-03-03 11:14:07,765 basehttp 187 "GET /project/1/ HTTP/1.1" 200 151
INFO 2022-03-03 11:14:22,626 basehttp 187 "GET /project/1/ HTTP/1.1" 200 151
ERROR 2022-03-03 11:15:00,008 log 241 Internal Server Error: /project/1/
Traceback (most recent call last):
  File "D:\virtual_env\env1\lib\site-packages\django\core\handlers\exception.py", line 55, in inner
    response = get_response(request)
  File "D:\virtual_env\env1\lib\site-packages\django\core\handlers\base.py", line 197, in _get_response
    response = wrapped_callback(request, *callback_args, **callback_kwargs)
  File "D:\virtual_env\env1\lib\site-packages\django\views\generic\base.py", line 84, in view
    return self.dispatch(request, *args, **kwargs)
  File "D:\virtual_env\env1\lib\site-packages\django\views\generic\base.py", line 119, in dispatch
    return handler(request, *args, **kwargs)
  File "D:\virtual_env\QAPMS\QAPMS\apps\projects\views.py", line 25, in get
    return render(request, 'project.html', context)
  File "D:\virtual_env\env1\lib\site-packages\django\shortcuts.py", line 24, in render
    content = loader.render_to_string(template_name, context, request, using=using)
  File "D:\virtual_env\env1\lib\site-packages\django\template\loader.py", line 62, in render_to_string
    return template.render(context, request)
  File "D:\virtual_env\env1\lib\site-packages\django\template\backends\jinja2.py", line 76, in render
    return self.template.render(context)
  File "D:\virtual_env\env1\lib\site-packages\jinja2\environment.py", line 1291, in render
    self.environment.handle_exception()
  File "D:\virtual_env\env1\lib\site-packages\jinja2\environment.py", line 925, in handle_exception
    raise rewrite_traceback_stack(source=source)
  File "D:\virtual_env\QAPMS\QAPMS\templates\project.html", line 9, in top-level template code
    <li>{{ context.id }}</li>
  File "D:\virtual_env\env1\lib\site-packages\jinja2\environment.py", line 474, in getattr
    return getattr(obj, attribute)
jinja2.exceptions.UndefinedError: 'context' is undefined
ERROR 2022-03-03 11:15:00,011 basehttp 187 "GET /project/1/ HTTP/1.1" 500 118485
INFO 2022-03-03 11:15:44,035 basehttp 187 "GET /project/1/ HTTP/1.1" 200 139
INFO 2022-03-03 11:16:51,996 autoreload 266 D:\virtual_env\QAPMS\QAPMS\apps\projects\views.py changed, reloading.
INFO 2022-03-03 11:16:52,612 autoreload 677 Watching for file changes with StatReloader
INFO 2022-03-03 11:16:57,821 basehttp 187 "GET /project/1/ HTTP/1.1" 200 441
INFO 2022-03-03 11:17:03,111 basehttp 187 "GET /project/2/ HTTP/1.1" 200 435
INFO 2022-03-03 11:17:37,535 autoreload 266 D:\virtual_env\QAPMS\QAPMS\apps\projects\views.py changed, reloading.
INFO 2022-03-03 11:17:38,103 autoreload 677 Watching for file changes with StatReloader
INFO 2022-03-03 11:18:41,816 autoreload 266 D:\virtual_env\QAPMS\QAPMS\apps\projects\views.py changed, reloading.
INFO 2022-03-03 11:18:42,405 autoreload 677 Watching for file changes with StatReloader
INFO 2022-03-03 11:18:42,891 basehttp 187 "GET /project/3/ HTTP/1.1" 200 10
INFO 2022-03-03 11:18:52,030 autoreload 266 D:\virtual_env\QAPMS\QAPMS\apps\projects\views.py changed, reloading.
INFO 2022-03-03 11:18:52,702 autoreload 677 Watching for file changes with StatReloader
INFO 2022-03-03 11:18:54,820 basehttp 187 "GET /project/1/ HTTP/1.1" 200 441
INFO 2022-03-03 12:23:54,680 autoreload 266 D:\virtual_env\QAPMS\QAPMS\settings\dev.py changed, reloading.
INFO 2022-03-03 12:23:55,205 autoreload 677 Watching for file changes with StatReloader
INFO 2022-03-03 12:27:57,128 autoreload 266 D:\virtual_env\QAPMS\QAPMS\settings\dev.py changed, reloading.
INFO 2022-03-03 12:28:52,930 autoreload 677 Watching for file changes with StatReloader
INFO 2022-03-03 12:30:07,403 autoreload 677 Watching for file changes with StatReloader
INFO 2022-03-03 12:37:30,656 autoreload 677 Watching for file changes with StatReloader
INFO 2022-03-03 12:40:10,554 autoreload 677 Watching for file changes with StatReloader
INFO 2022-03-03 12:47:06,839 autoreload 677 Watching for file changes with StatReloader
INFO 2022-03-03 12:50:42,637 autoreload 677 Watching for file changes with StatReloader
INFO 2022-03-03 12:53:05,413 autoreload 266 D:\virtual_env\QAPMS\QAPMS\settings\dev.py changed, reloading.
INFO 2022-03-03 12:53:05,991 autoreload 677 Watching for file changes with StatReloader
INFO 2022-03-03 12:53:08,375 autoreload 677 Watching for file changes with StatReloader
INFO 2022-03-03 12:54:46,233 autoreload 677 Watching for file changes with StatReloader
INFO 2022-03-03 12:57:33,814 autoreload 266 D:\virtual_env\QAPMS\QAPMS\settings\dev.py changed, reloading.
INFO 2022-03-03 12:57:34,396 autoreload 677 Watching for file changes with StatReloader
ERROR 2022-03-03 13:15:57,895 exception 124 Invalid HTTP_HOST header: '127.0.0.1:8001'. You may need to add '127.0.0.1' to ALLOWED_HOSTS.
WARNING 2022-03-03 13:15:58,332 log 241 Bad Request: /project/2/
WARNING 2022-03-03 13:15:58,333 basehttp 187 "GET /project/2/ HTTP/1.1" 400 71368
INFO 2022-03-03 13:35:58,341 autoreload 266 D:\virtual_env\QAPMS\QAPMS\apps\users\views.py changed, reloading.
INFO 2022-03-03 13:35:59,010 autoreload 677 Watching for file changes with StatReloader
ERROR 2022-03-03 13:36:00,026 exception 124 Invalid HTTP_HOST header: '127.0.0.1:8001'. You may need to add '127.0.0.1' to ALLOWED_HOSTS.
WARNING 2022-03-03 13:36:00,055 log 241 Bad Request: /project/2/
WARNING 2022-03-03 13:36:00,056 basehttp 187 "GET /project/2/ HTTP/1.1" 400 71368
ERROR 2022-03-03 13:36:04,091 exception 124 Invalid HTTP_HOST header: '127.0.0.1:8001'. You may need to add '127.0.0.1' to ALLOWED_HOSTS.
WARNING 2022-03-03 13:36:04,109 log 241 Bad Request: /project/2/
WARNING 2022-03-03 13:36:04,110 basehttp 187 "GET /project/2/ HTTP/1.1" 400 71368
INFO 2022-03-03 13:36:11,444 autoreload 677 Watching for file changes with StatReloader
ERROR 2022-03-03 13:36:16,975 exception 124 Invalid HTTP_HOST header: '127.0.0.1:8001'. You may need to add '127.0.0.1' to ALLOWED_HOSTS.
WARNING 2022-03-03 13:36:17,040 log 241 Bad Request: /
WARNING 2022-03-03 13:36:17,041 basehttp 187 "GET / HTTP/1.1" 400 71121
INFO 2022-03-03 13:36:18,069 autoreload 266 D:\virtual_env\QAPMS\QAPMS\apps\users\views.py changed, reloading.
INFO 2022-03-03 13:36:18,617 autoreload 677 Watching for file changes with StatReloader
INFO 2022-03-03 13:37:54,004 autoreload 266 D:\virtual_env\QAPMS\QAPMS\settings\dev.py changed, reloading.
INFO 2022-03-03 13:37:54,582 autoreload 677 Watching for file changes with StatReloader
ERROR 2022-03-03 13:37:57,158 exception 124 Invalid HTTP_HOST header: '127.0.0.1:8001'. You may need to add '127.0.0.1' to ALLOWED_HOSTS.
WARNING 2022-03-03 13:37:57,188 log 241 Bad Request: /
WARNING 2022-03-03 13:37:57,189 basehttp 187 "GET / HTTP/1.1" 400 71230
INFO 2022-03-03 13:38:11,543 autoreload 266 D:\virtual_env\QAPMS\QAPMS\settings\dev.py changed, reloading.
INFO 2022-03-03 13:38:12,135 autoreload 677 Watching for file changes with StatReloader
WARNING 2022-03-03 13:38:12,882 log 241 Not Found: /
WARNING 2022-03-03 13:38:12,882 basehttp 187 "GET / HTTP/1.1" 404 2763
WARNING 2022-03-03 13:38:27,882 log 241 Not Found: /
WARNING 2022-03-03 13:38:27,883 basehttp 187 "GET / HTTP/1.1" 404 2763
INFO 2022-03-03 13:38:33,337 basehttp 187 "GET /register HTTP/1.1" 301 0
ERROR 2022-03-03 13:38:33,378 log 241 Internal Server Error: /register/
Traceback (most recent call last):
  File "D:\virtual_env\env1\lib\site-packages\django\template\backends\jinja2.py", line 42, in get_template
    return Template(self.env.get_template(template_name), self)
  File "D:\virtual_env\env1\lib\site-packages\jinja2\environment.py", line 997, in get_template
    return self._load_template(name, globals)
  File "D:\virtual_env\env1\lib\site-packages\jinja2\environment.py", line 958, in _load_template
    template = self.loader.load(self, name, self.make_globals(globals))
  File "D:\virtual_env\env1\lib\site-packages\jinja2\loaders.py", line 137, in load
    code = environment.compile(source, name, filename)
  File "D:\virtual_env\env1\lib\site-packages\jinja2\environment.py", line 757, in compile
    self.handle_exception(source=source_hint)
  File "D:\virtual_env\env1\lib\site-packages\jinja2\environment.py", line 925, in handle_exception
    raise rewrite_traceback_stack(source=source)
  File "D:\virtual_env\QAPMS\QAPMS\templates\register.html", line 60, in template
    {{% if sms_code_errmsg %}
jinja2.exceptions.TemplateSyntaxError: unexpected '%'

The above exception was the direct cause of the following exception:

Traceback (most recent call last):
  File "D:\virtual_env\env1\lib\site-packages\django\core\handlers\exception.py", line 55, in inner
    response = get_response(request)
  File "D:\virtual_env\env1\lib\site-packages\django\core\handlers\base.py", line 197, in _get_response
    response = wrapped_callback(request, *callback_args, **callback_kwargs)
  File "D:\virtual_env\env1\lib\site-packages\django\views\generic\base.py", line 84, in view
    return self.dispatch(request, *args, **kwargs)
  File "D:\virtual_env\env1\lib\site-packages\django\views\generic\base.py", line 119, in dispatch
    return handler(request, *args, **kwargs)
  File "D:\virtual_env\QAPMS\QAPMS\apps\users\views.py", line 16, in get
    return render(request, 'register.html')
  File "D:\virtual_env\env1\lib\site-packages\django\shortcuts.py", line 24, in render
    content = loader.render_to_string(template_name, context, request, using=using)
  File "D:\virtual_env\env1\lib\site-packages\django\template\loader.py", line 61, in render_to_string
    template = get_template(template_name, using=using)
  File "D:\virtual_env\env1\lib\site-packages\django\template\loader.py", line 15, in get_template
    return engine.get_template(template_name)
  File "D:\virtual_env\env1\lib\site-packages\django\template\backends\jinja2.py", line 48, in get_template
    raise new from exc
django.template.exceptions.TemplateSyntaxError: ("unexpected '%'",)
ERROR 2022-03-03 13:38:33,381 basehttp 187 "GET /register/ HTTP/1.1" 500 155281
INFO 2022-03-03 13:38:46,614 basehttp 187 "GET /projects/ HTTP/1.1" 200 407
ERROR 2022-03-03 13:38:51,710 log 241 Internal Server Error: /register/
Traceback (most recent call last):
  File "D:\virtual_env\env1\lib\site-packages\django\template\backends\jinja2.py", line 42, in get_template
    return Template(self.env.get_template(template_name), self)
  File "D:\virtual_env\env1\lib\site-packages\jinja2\environment.py", line 997, in get_template
    return self._load_template(name, globals)
  File "D:\virtual_env\env1\lib\site-packages\jinja2\environment.py", line 958, in _load_template
    template = self.loader.load(self, name, self.make_globals(globals))
  File "D:\virtual_env\env1\lib\site-packages\jinja2\loaders.py", line 137, in load
    code = environment.compile(source, name, filename)
  File "D:\virtual_env\env1\lib\site-packages\jinja2\environment.py", line 757, in compile
    self.handle_exception(source=source_hint)
  File "D:\virtual_env\env1\lib\site-packages\jinja2\environment.py", line 925, in handle_exception
    raise rewrite_traceback_stack(source=source)
  File "D:\virtual_env\QAPMS\QAPMS\templates\register.html", line 60, in template
    {{% if sms_code_errmsg %}
jinja2.exceptions.TemplateSyntaxError: unexpected '%'

The above exception was the direct cause of the following exception:

Traceback (most recent call last):
  File "D:\virtual_env\env1\lib\site-packages\django\core\handlers\exception.py", line 55, in inner
    response = get_response(request)
  File "D:\virtual_env\env1\lib\site-packages\django\core\handlers\base.py", line 197, in _get_response
    response = wrapped_callback(request, *callback_args, **callback_kwargs)
  File "D:\virtual_env\env1\lib\site-packages\django\views\generic\base.py", line 84, in view
    return self.dispatch(request, *args, **kwargs)
  File "D:\virtual_env\env1\lib\site-packages\django\views\generic\base.py", line 119, in dispatch
    return handler(request, *args, **kwargs)
  File "D:\virtual_env\QAPMS\QAPMS\apps\users\views.py", line 16, in get
    return render(request, 'register.html')
  File "D:\virtual_env\env1\lib\site-packages\django\shortcuts.py", line 24, in render
    content = loader.render_to_string(template_name, context, request, using=using)
  File "D:\virtual_env\env1\lib\site-packages\django\template\loader.py", line 61, in render_to_string
    template = get_template(template_name, using=using)
  File "D:\virtual_env\env1\lib\site-packages\django\template\loader.py", line 15, in get_template
    return engine.get_template(template_name)
  File "D:\virtual_env\env1\lib\site-packages\django\template\backends\jinja2.py", line 48, in get_template
    raise new from exc
django.template.exceptions.TemplateSyntaxError: ("unexpected '%'",)
ERROR 2022-03-03 13:38:51,712 basehttp 187 "GET /register/ HTTP/1.1" 500 155281
INFO 2022-03-03 13:39:24,728 basehttp 187 "GET /register/ HTTP/1.1" 200 3292
WARNING 2022-03-03 13:39:24,743 basehttp 187 "GET /static/images/logo.png HTTP/1.1" 404 1804
INFO 2022-03-03 13:40:08,438 basehttp 187 "GET /register/ HTTP/1.1" 200 3302
WARNING 2022-03-03 13:40:08,451 basehttp 187 "GET /static/images/logo.png HTTP/1.1" 404 1804
INFO 2022-03-03 13:40:47,095 basehttp 187 "GET /register/ HTTP/1.1" 200 2975
WARNING 2022-03-03 13:40:47,110 basehttp 187 "GET /static/images/logo.png HTTP/1.1" 404 1804
INFO 2022-03-03 13:41:43,926 basehttp 187 "GET /register/ HTTP/1.1" 200 3366
WARNING 2022-03-03 13:41:43,947 basehttp 187 "GET /static/js/vue-2.5.16.js HTTP/1.1" 404 1807
WARNING 2022-03-03 13:41:43,949 basehttp 187 "GET /static/js/axios-0.18.0.min.js HTTP/1.1" 404 1825
INFO 2022-03-03 13:41:44,218 basehttp 187 "GET /static/css/reset.css HTTP/1.1" 200 638
INFO 2022-03-03 13:41:44,219 basehttp 187 "GET /static/css/main.css HTTP/1.1" 200 45407
WARNING 2022-03-03 13:41:44,245 basehttp 187 "GET /static/js/common.js HTTP/1.1" 404 1795
WARNING 2022-03-03 13:41:44,246 basehttp 187 "GET /static/js/axios-0.18.0.min.js HTTP/1.1" 404 1825
WARNING 2022-03-03 13:41:44,246 basehttp 187 "GET /static/js/register.js HTTP/1.1" 404 1801
WARNING 2022-03-03 13:41:44,290 basehttp 187 "GET /static/images/logo.png HTTP/1.1" 404 1804
WARNING 2022-03-03 13:41:44,291 basehttp 187 "GET /static/js/common.js HTTP/1.1" 404 1795
WARNING 2022-03-03 13:41:44,297 basehttp 187 "GET /static/js/register.js HTTP/1.1" 404 1801
INFO 2022-03-03 13:42:38,458 basehttp 187 "GET /register/ HTTP/1.1" 200 3366
WARNING 2022-03-03 13:42:38,490 basehttp 187 "GET /static/js/axios-0.18.0.min.js HTTP/1.1" 404 1825
WARNING 2022-03-03 13:42:38,491 basehttp 187 "GET /static/js/vue-2.5.16.js HTTP/1.1" 404 1807
WARNING 2022-03-03 13:42:38,505 basehttp 187 "GET /static/js/common.js HTTP/1.1" 404 1795
WARNING 2022-03-03 13:42:38,506 basehttp 187 "GET /static/js/register.js HTTP/1.1" 404 1801
WARNING 2022-03-03 13:42:38,506 basehttp 187 "GET /static/js/axios-0.18.0.min.js HTTP/1.1" 404 1825
WARNING 2022-03-03 13:42:38,516 basehttp 187 "GET /static/images/logo.png HTTP/1.1" 404 1804
WARNING 2022-03-03 13:42:38,517 basehttp 187 "GET /static/js/common.js HTTP/1.1" 404 1795
WARNING 2022-03-03 13:42:38,531 basehttp 187 "GET /static/js/register.js HTTP/1.1" 404 1801
INFO 2022-03-03 13:44:00,780 basehttp 187 "GET /register/ HTTP/1.1" 200 3209
WARNING 2022-03-03 13:44:00,801 basehttp 187 "GET /static/js/common.js HTTP/1.1" 404 1795
WARNING 2022-03-03 13:44:00,801 basehttp 187 "GET /static/js/register.js HTTP/1.1" 404 1801
WARNING 2022-03-03 13:44:00,802 basehttp 187 "GET /static/images/logo.png HTTP/1.1" 404 1804
INFO 2022-03-03 13:45:29,767 basehttp 187 "GET /register/ HTTP/1.1" 200 3209
WARNING 2022-03-03 13:45:29,806 basehttp 187 "GET /static/js/register.js HTTP/1.1" 404 1801
WARNING 2022-03-03 13:45:29,807 basehttp 187 "GET /static/js/common.js HTTP/1.1" 404 1795
WARNING 2022-03-03 13:45:29,808 basehttp 187 "GET /static/images/logo.png HTTP/1.1" 404 1804
WARNING 2022-03-03 13:45:29,813 basehttp 187 "GET /static/js/register.js HTTP/1.1" 404 1801
INFO 2022-03-03 13:45:34,763 basehttp 187 "GET /project/2/ HTTP/1.1" 200 435
INFO 2022-03-03 13:45:42,858 basehttp 187 "GET /projects/ HTTP/1.1" 200 407
INFO 2022-03-03 13:54:53,536 autoreload 266 D:\virtual_env\QAPMS\QAPMS\apps\users\views.py changed, reloading.
INFO 2022-03-03 13:54:54,154 autoreload 677 Watching for file changes with StatReloader
WARNING 2022-03-03 16:35:53,937 log 241 Not Found: /
WARNING 2022-03-03 16:35:53,938 basehttp 187 "GET / HTTP/1.1" 404 2763
WARNING 2022-03-03 16:35:54,022 log 241 Not Found: /favicon.ico
WARNING 2022-03-03 16:35:54,022 basehttp 187 "GET /favicon.ico HTTP/1.1" 404 2814
INFO 2022-03-03 16:36:00,112 basehttp 187 "GET /register/ HTTP/1.1" 200 2862
WARNING 2022-03-03 16:36:00,138 basehttp 187 "GET /static/js/common.js HTTP/1.1" 404 1795
WARNING 2022-03-03 16:36:00,140 basehttp 187 "GET /static/images/logo.png HTTP/1.1" 404 1804
WARNING 2022-03-03 16:36:00,140 basehttp 187 "GET /static/js/register.js HTTP/1.1" 404 1801
INFO 2022-03-03 16:36:00,291 basehttp 187 "GET /static/css/main.css HTTP/1.1" 200 40080
WARNING 2022-03-03 16:36:00,353 basehttp 187 "GET /static/js/register.js HTTP/1.1" 404 1801
WARNING 2022-03-03 16:36:00,358 basehttp 187 "GET /static/images/interval_line.png HTTP/1.1" 404 1831
WARNING 2022-03-03 16:36:00,358 basehttp 187 "GET /static/images/register_banner.png HTTP/1.1" 404 1837
WARNING 2022-03-03 16:36:00,360 basehttp 187 "GET /static/images/icons02.png HTTP/1.1" 404 1813
INFO 2022-03-03 16:36:36,594 basehttp 187 "GET /register/ HTTP/1.1" 200 2856
WARNING 2022-03-03 16:36:36,620 basehttp 187 "GET /static/js/common.js HTTP/1.1" 404 1795
WARNING 2022-03-03 16:36:36,622 basehttp 187 "GET /static/images/logo.png HTTP/1.1" 404 1804
WARNING 2022-03-03 16:36:36,622 basehttp 187 "GET /static/js/register.js HTTP/1.1" 404 1801
WARNING 2022-03-03 16:36:36,636 basehttp 187 "GET /static/images/interval_line.png HTTP/1.1" 404 1831
WARNING 2022-03-03 16:36:36,637 basehttp 187 "GET /static/images/register_banner.png HTTP/1.1" 404 1837
WARNING 2022-03-03 16:36:36,637 basehttp 187 "GET /static/js/register.js HTTP/1.1" 404 1801
WARNING 2022-03-03 16:36:36,637 basehttp 187 "GET /static/images/icons02.png HTTP/1.1" 404 1813
INFO 2022-03-03 16:36:56,560 basehttp 187 "GET /register/ HTTP/1.1" 200 2844
WARNING 2022-03-03 16:36:56,597 basehttp 187 "GET /static/js/common.js HTTP/1.1" 404 1795
WARNING 2022-03-03 16:36:56,597 basehttp 187 "GET /static/js/register.js HTTP/1.1" 404 1801
WARNING 2022-03-03 16:36:56,598 basehttp 187 "GET /static/images/logo.png HTTP/1.1" 404 1804
WARNING 2022-03-03 16:36:56,601 basehttp 187 "GET /static/images/register_banner.png HTTP/1.1" 404 1837
WARNING 2022-03-03 16:36:56,602 basehttp 187 "GET /static/images/interval_line.png HTTP/1.1" 404 1831
WARNING 2022-03-03 16:36:56,603 basehttp 187 "GET /static/images/icons02.png HTTP/1.1" 404 1813
INFO 2022-03-03 16:37:10,733 basehttp 187 "GET /register/ HTTP/1.1" 200 2844
WARNING 2022-03-03 16:37:10,749 basehttp 187 "GET /static/js/common.js HTTP/1.1" 404 1795
WARNING 2022-03-03 16:37:10,759 basehttp 187 "GET /static/js/register.js HTTP/1.1" 404 1801
WARNING 2022-03-03 16:37:10,760 basehttp 187 "GET /static/images/logo.png HTTP/1.1" 404 1804
WARNING 2022-03-03 16:37:10,772 basehttp 187 "GET /static/images/interval_line.png HTTP/1.1" 404 1831
WARNING 2022-03-03 16:37:10,773 basehttp 187 "GET /static/images/register_banner.png HTTP/1.1" 404 1837
WARNING 2022-03-03 16:37:10,774 basehttp 187 "GET /static/images/icons02.png HTTP/1.1" 404 1813
INFO 2022-03-03 16:37:13,408 basehttp 187 "GET /register/ HTTP/1.1" 200 2844
WARNING 2022-03-03 16:37:13,428 basehttp 187 "GET /static/images/logo.png HTTP/1.1" 404 1804
WARNING 2022-03-03 16:37:13,428 basehttp 187 "GET /static/js/register.js HTTP/1.1" 404 1801
WARNING 2022-03-03 16:37:13,428 basehttp 187 "GET /static/js/common.js HTTP/1.1" 404 1795
WARNING 2022-03-03 16:37:13,434 basehttp 187 "GET /static/js/register.js HTTP/1.1" 404 1801
INFO 2022-03-03 16:37:44,942 autoreload 677 Watching for file changes with StatReloader
INFO 2022-03-03 16:37:47,759 basehttp 187 "GET /register/ HTTP/1.1" 200 2844
WARNING 2022-03-03 16:37:47,788 basehttp 187 "GET /static/js/register.js HTTP/1.1" 404 1801
WARNING 2022-03-03 16:37:47,788 basehttp 187 "GET /static/images/logo.png HTTP/1.1" 404 1804
WARNING 2022-03-03 16:37:47,788 basehttp 187 "GET /static/js/common.js HTTP/1.1" 404 1795
WARNING 2022-03-03 16:37:47,795 basehttp 187 "GET /static/js/register.js HTTP/1.1" 404 1801
INFO 2022-03-03 16:38:38,548 basehttp 187 "GET /register/ HTTP/1.1" 200 2844
WARNING 2022-03-03 16:38:38,569 basehttp 187 "GET /static/images/logo.png HTTP/1.1" 404 1804
WARNING 2022-03-03 16:38:38,570 basehttp 187 "GET /static/js/register.js HTTP/1.1" 404 1801
WARNING 2022-03-03 16:38:38,571 basehttp 187 "GET /static/js/common.js HTTP/1.1" 404 1795
INFO 2022-03-03 16:38:47,645 basehttp 187 "GET /register/ HTTP/1.1" 200 2844
WARNING 2022-03-03 16:38:47,668 basehttp 187 "GET /static/js/common.js HTTP/1.1" 404 1795
WARNING 2022-03-03 16:38:47,670 basehttp 187 "GET /static/js/register.js HTTP/1.1" 404 1801
WARNING 2022-03-03 16:38:47,670 basehttp 187 "GET /static/images/logo.png HTTP/1.1" 404 1804
INFO 2022-03-03 16:38:48,812 basehttp 187 "GET /register/ HTTP/1.1" 200 2844
WARNING 2022-03-03 16:38:48,834 basehttp 187 "GET /static/js/register.js HTTP/1.1" 404 1801
WARNING 2022-03-03 16:38:48,834 basehttp 187 "GET /static/js/common.js HTTP/1.1" 404 1795
WARNING 2022-03-03 16:38:48,834 basehttp 187 "GET /static/images/logo.png HTTP/1.1" 404 1804
WARNING 2022-03-03 16:38:48,841 basehttp 187 "GET /static/js/register.js HTTP/1.1" 404 1801
INFO 2022-03-03 16:38:49,310 basehttp 187 "GET /register/ HTTP/1.1" 200 2844
WARNING 2022-03-03 16:38:49,328 basehttp 187 "GET /static/images/logo.png HTTP/1.1" 404 1804
WARNING 2022-03-03 16:38:49,328 basehttp 187 "GET /static/js/common.js HTTP/1.1" 404 1795
WARNING 2022-03-03 16:38:49,328 basehttp 187 "GET /static/js/register.js HTTP/1.1" 404 1801
INFO 2022-03-03 16:38:49,629 basehttp 187 "GET /register/ HTTP/1.1" 200 2844
WARNING 2022-03-03 16:38:49,650 basehttp 187 "GET /static/js/common.js HTTP/1.1" 404 1795
WARNING 2022-03-03 16:38:49,650 basehttp 187 "GET /static/images/logo.png HTTP/1.1" 404 1804
WARNING 2022-03-03 16:38:49,650 basehttp 187 "GET /static/js/register.js HTTP/1.1" 404 1801
INFO 2022-03-03 16:38:53,399 autoreload 677 Watching for file changes with StatReloader
INFO 2022-03-03 16:38:57,883 basehttp 187 "GET /register/ HTTP/1.1" 200 2844
WARNING 2022-03-03 16:38:57,911 basehttp 187 "GET /static/images/logo.png HTTP/1.1" 404 1804
WARNING 2022-03-03 16:38:57,912 basehttp 187 "GET /static/js/common.js HTTP/1.1" 404 1795
WARNING 2022-03-03 16:38:57,912 basehttp 187 "GET /static/js/register.js HTTP/1.1" 404 1801
WARNING 2022-03-03 16:38:57,917 basehttp 187 "GET /static/js/register.js HTTP/1.1" 404 1801
INFO 2022-03-03 16:38:59,117 basehttp 187 "GET /register/ HTTP/1.1" 200 2844
WARNING 2022-03-03 16:38:59,139 basehttp 187 "GET /static/images/logo.png HTTP/1.1" 404 1804
WARNING 2022-03-03 16:38:59,139 basehttp 187 "GET /static/js/common.js HTTP/1.1" 404 1795
WARNING 2022-03-03 16:38:59,140 basehttp 187 "GET /static/js/register.js HTTP/1.1" 404 1801
WARNING 2022-03-03 16:38:59,147 basehttp 187 "GET /static/js/register.js HTTP/1.1" 404 1801
INFO 2022-03-03 16:38:59,660 basehttp 187 "GET /register/ HTTP/1.1" 200 2844
WARNING 2022-03-03 16:38:59,681 basehttp 187 "GET /static/images/logo.png HTTP/1.1" 404 1804
WARNING 2022-03-03 16:38:59,681 basehttp 187 "GET /static/js/common.js HTTP/1.1" 404 1795
WARNING 2022-03-03 16:38:59,682 basehttp 187 "GET /static/js/register.js HTTP/1.1" 404 1801
INFO 2022-03-03 16:39:00,285 basehttp 187 "GET /register/ HTTP/1.1" 200 2844
WARNING 2022-03-03 16:39:00,307 basehttp 187 "GET /static/images/logo.png HTTP/1.1" 404 1804
WARNING 2022-03-03 16:39:00,308 basehttp 187 "GET /static/js/common.js HTTP/1.1" 404 1795
WARNING 2022-03-03 16:39:00,308 basehttp 187 "GET /static/js/register.js HTTP/1.1" 404 1801
WARNING 2022-03-03 16:39:00,314 basehttp 187 "GET /static/js/register.js HTTP/1.1" 404 1801
INFO 2022-03-03 16:44:08,985 basehttp 187 "GET /register/ HTTP/1.1" 200 2844
WARNING 2022-03-03 16:44:09,021 basehttp 187 "GET /static/js/register.js HTTP/1.1" 404 1801
WARNING 2022-03-03 16:44:09,022 basehttp 187 "GET /static/js/common.js HTTP/1.1" 404 1795
WARNING 2022-03-03 16:44:09,032 basehttp 187 "GET /static/js/register.js HTTP/1.1" 404 1801
INFO 2022-03-03 16:44:09,582 basehttp 187 "GET /static/images/interval_line.png HTTP/1.1" 200 1123
INFO 2022-03-03 16:44:09,584 basehttp 187 "GET /static/images/icons02.png HTTP/1.1" 200 3935
INFO 2022-03-03 16:44:09,587 basehttp 187 "GET /static/images/register_banner.png HTTP/1.1" 200 54894
INFO 2022-03-03 16:44:09,589 basehttp 187 "GET /static/images/logo.png HTTP/1.1" 200 7450
INFO 2022-03-03 16:47:30,845 basehttp 187 "GET /register/ HTTP/1.1" 200 2844
WARNING 2022-03-03 16:47:30,866 basehttp 187 "GET /static/js/common.js HTTP/1.1" 404 1795
WARNING 2022-03-03 16:47:30,867 basehttp 187 "GET /static/js/register.js HTTP/1.1" 404 1801
INFO 2022-03-03 16:47:33,773 basehttp 187 "GET /register/ HTTP/1.1" 200 2844
WARNING 2022-03-03 16:47:33,792 basehttp 187 "GET /static/js/common.js HTTP/1.1" 404 1795
WARNING 2022-03-03 16:47:33,792 basehttp 187 "GET /static/js/register.js HTTP/1.1" 404 1801
WARNING 2022-03-03 16:47:33,803 basehttp 187 "GET /static/js/register.js HTTP/1.1" 404 1801
INFO 2022-03-03 16:47:46,103 autoreload 677 Watching for file changes with StatReloader
INFO 2022-03-03 16:47:49,841 basehttp 187 "GET /register/ HTTP/1.1" 200 2844
WARNING 2022-03-03 16:47:49,983 basehttp 187 "GET /static/js/register.js HTTP/1.1" 404 1801
WARNING 2022-03-03 16:47:49,983 basehttp 187 "GET /static/js/common.js HTTP/1.1" 404 1795
WARNING 2022-03-03 16:47:50,012 basehttp 187 "GET /static/js/register.js HTTP/1.1" 404 1801
WARNING 2022-03-03 16:47:55,637 log 241 Not Found: /register/index.html
WARNING 2022-03-03 16:47:55,638 basehttp 187 "GET /register/index.html HTTP/1.1" 404 2838
INFO 2022-03-03 16:49:16,786 basehttp 187 "GET /register/ HTTP/1.1" 200 2844
WARNING 2022-03-03 16:49:16,824 basehttp 187 "GET /static/js/common.js HTTP/1.1" 404 1795
WARNING 2022-03-03 16:49:16,824 basehttp 187 "GET /static/js/register.js HTTP/1.1" 404 1801
INFO 2022-03-03 16:49:17,223 basehttp 187 "GET /static/css/reset.css HTTP/1.1" 200 638
INFO 2022-03-03 16:49:17,224 basehttp 187 "GET /static/css/main.css HTTP/1.1" 200 40081
INFO 2022-03-03 16:49:17,224 basehttp 187 "GET /static/images/logo.png HTTP/1.1" 200 19467
INFO 2022-03-03 16:49:17,291 basehttp 187 "GET /static/images/interval_line.png HTTP/1.1" 200 1123
INFO 2022-03-03 16:49:17,312 basehttp 187 "GET /static/images/icons02.png HTTP/1.1" 200 3935
WARNING 2022-03-03 16:49:17,313 basehttp 187 "GET /static/js/register.js HTTP/1.1" 404 1801
INFO 2022-03-03 16:49:17,313 basehttp 187 "GET /static/images/register_banner.png HTTP/1.1" 200 54894
INFO 2022-03-03 16:49:52,740 basehttp 187 "GET /register/ HTTP/1.1" 200 2784
INFO 2022-03-03 16:49:52,757 basehttp 187 "GET /static/images/logo.png HTTP/1.1" 304 0
WARNING 2022-03-03 16:49:52,759 basehttp 187 "GET /static/js/common.js HTTP/1.1" 404 1795
WARNING 2022-03-03 16:49:52,759 basehttp 187 "GET /static/js/register.js HTTP/1.1" 404 1801
WARNING 2022-03-03 16:49:52,858 basehttp 187 "GET /static/js/register.js HTTP/1.1" 404 1801
INFO 2022-03-03 16:57:48,534 autoreload 266 D:\virtual_env\QAPMS\QAPMS\apps\users\views.py changed, reloading.
INFO 2022-03-03 16:57:49,706 autoreload 677 Watching for file changes with StatReloader
INFO 2022-03-03 17:01:02,940 autoreload 266 D:\virtual_env\QAPMS\QAPMS\apps\users\views.py changed, reloading.
INFO 2022-03-03 17:01:03,515 autoreload 677 Watching for file changes with StatReloader
INFO 2022-03-03 17:06:36,847 autoreload 677 Watching for file changes with StatReloader
INFO 2022-03-03 17:06:39,408 basehttp 187 "GET /register/ HTTP/1.1" 200 2938
INFO 2022-03-03 17:06:39,428 basehttp 187 "GET /static/css/main.css HTTP/1.1" 304 0
INFO 2022-03-03 17:06:39,711 basehttp 187 "GET /static/js/axios-0.18.0.min.js HTTP/1.1" 200 12941
INFO 2022-03-03 17:06:39,720 basehttp 187 "GET /static/js/register.js HTTP/1.1" 200 127
INFO 2022-03-03 17:06:39,738 basehttp 187 "GET /static/js/vue-2.5.16.js HTTP/1.1" 200 289307
INFO 2022-03-03 17:06:39,747 basehttp 187 "GET /static/images/logo.png HTTP/1.1" 304 0
WARNING 2022-03-03 17:06:39,814 basehttp 187 "GET /static/js/common.js HTTP/1.1" 404 1795
INFO 2022-03-03 17:19:42,089 basehttp 187 "GET /register/ HTTP/1.1" 200 3174
INFO 2022-03-03 17:19:42,106 basehttp 187 "GET /static/css/main.css HTTP/1.1" 304 0
INFO 2022-03-03 17:19:42,108 basehttp 187 "GET /static/js/register.js HTTP/1.1" 200 1077
INFO 2022-03-03 17:19:42,151 basehttp 187 "GET /static/images/logo.png HTTP/1.1" 304 0
WARNING 2022-03-03 17:19:42,152 basehttp 187 "GET /static/js/common.js HTTP/1.1" 404 1795
WARNING 2022-03-03 17:19:42,160 basehttp 187 "GET /static/js/common.js HTTP/1.1" 404 1795
INFO 2022-03-03 17:19:53,282 basehttp 187 "GET /register/ HTTP/1.1" 200 3168
INFO 2022-03-03 17:19:53,298 basehttp 187 "GET /static/js/register.js HTTP/1.1" 304 0
WARNING 2022-03-03 17:19:53,299 basehttp 187 "GET /static/js/common.js HTTP/1.1" 404 1795
WARNING 2022-03-03 17:20:11,961 basehttp 187 "GET /static/js/axios.min.map HTTP/1.1" 404 1807
INFO 2022-03-03 17:20:42,615 basehttp 187 "GET /register/ HTTP/1.1" 200 3173
INFO 2022-03-03 17:20:42,634 basehttp 187 "GET /static/js/register.js HTTP/1.1" 304 0
WARNING 2022-03-03 17:20:42,635 basehttp 187 "GET /static/js/common.js HTTP/1.1" 404 1795
WARNING 2022-03-03 17:20:42,671 basehttp 187 "GET /static/js/axios.min.map HTTP/1.1" 404 1807
INFO 2022-03-03 17:23:05,971 basehttp 187 "GET /register/ HTTP/1.1" 200 3141
INFO 2022-03-03 17:23:05,990 basehttp 187 "GET /static/js/register.js HTTP/1.1" 200 1070
WARNING 2022-03-03 17:23:05,992 basehttp 187 "GET /static/js/common.js HTTP/1.1" 404 1795
INFO 2022-03-03 17:23:05,993 basehttp 187 "GET /static/images/logo.png HTTP/1.1" 304 0
WARNING 2022-03-03 17:23:06,012 basehttp 187 "GET /static/js/common.js HTTP/1.1" 404 1795
INFO 2022-03-03 17:24:19,251 basehttp 187 "GET /register/ HTTP/1.1" 200 3141
INFO 2022-03-03 17:24:19,270 basehttp 187 "GET /static/css/main.css HTTP/1.1" 200 40083
INFO 2022-03-03 17:24:19,272 basehttp 187 "GET /static/js/register.js HTTP/1.1" 304 0
WARNING 2022-03-03 17:24:19,278 basehttp 187 "GET /static/js/common.js HTTP/1.1" 404 1795
INFO 2022-03-03 17:25:13,633 basehttp 187 "GET /register/ HTTP/1.1" 200 3141
INFO 2022-03-03 17:25:13,646 basehttp 187 "GET /static/js/register.js HTTP/1.1" 304 0
INFO 2022-03-03 17:25:13,647 basehttp 187 "GET /static/css/main.css HTTP/1.1" 200 40085
WARNING 2022-03-03 17:25:13,655 basehttp 187 "GET /static/js/common.js HTTP/1.1" 404 1795
INFO 2022-03-03 17:25:16,916 basehttp 187 "GET /register/ HTTP/1.1" 200 3141
INFO 2022-03-03 17:25:16,935 basehttp 187 "GET /static/css/main.css HTTP/1.1" 304 0
WARNING 2022-03-03 17:25:16,936 basehttp 187 "GET /static/js/common.js HTTP/1.1" 404 1795
WARNING 2022-03-03 17:25:16,953 basehttp 187 "GET /static/js/common.js HTTP/1.1" 404 1795
INFO 2022-03-03 17:26:34,391 autoreload 677 Watching for file changes with StatReloader
INFO 2022-03-03 17:26:36,760 basehttp 187 "GET /register/ HTTP/1.1" 200 3141
INFO 2022-03-03 17:26:36,784 basehttp 187 "GET /static/js/register.js HTTP/1.1" 304 0
WARNING 2022-03-03 17:26:36,797 basehttp 187 "GET /static/js/common.js HTTP/1.1" 404 1795
INFO 2022-03-03 17:26:37,005 basehttp 187 "GET /static/css/main.css HTTP/1.1" 200 40086
WARNING 2022-03-03 17:26:37,027 basehttp 187 "GET /static/js/common.js HTTP/1.1" 404 1795
INFO 2022-03-03 17:27:03,536 basehttp 187 "GET /register/ HTTP/1.1" 200 3141
INFO 2022-03-03 17:27:03,549 basehttp 187 "GET /static/images/logo.png HTTP/1.1" 304 0
INFO 2022-03-03 17:27:03,550 basehttp 187 "GET /static/css/main.css HTTP/1.1" 200 40085
INFO 2022-03-03 17:27:03,556 basehttp 187 "GET /static/js/register.js HTTP/1.1" 304 0
WARNING 2022-03-03 17:27:03,558 basehttp 187 "GET /static/js/common.js HTTP/1.1" 404 1795
INFO 2022-03-03 17:30:12,840 basehttp 187 "GET /register/ HTTP/1.1" 200 3145
INFO 2022-03-03 17:30:12,851 basehttp 187 "GET /static/js/register.js HTTP/1.1" 304 0
INFO 2022-03-03 17:30:12,852 basehttp 187 "GET /static/css/main.css HTTP/1.1" 200 40086
WARNING 2022-03-03 17:30:12,897 basehttp 187 "GET /static/js/common.js HTTP/1.1" 404 1795
WARNING 2022-03-03 17:30:12,912 basehttp 187 "GET /static/js/common.js HTTP/1.1" 404 1795
INFO 2022-03-03 17:31:53,702 basehttp 187 "GET /register/ HTTP/1.1" 200 3145
INFO 2022-03-03 17:31:53,722 basehttp 187 "GET /static/images/logo.png HTTP/1.1" 304 0
INFO 2022-03-03 17:31:53,724 basehttp 187 "GET /static/css/main.css HTTP/1.1" 200 40088
INFO 2022-03-03 17:31:53,726 basehttp 187 "GET /static/js/register.js HTTP/1.1" 304 0
WARNING 2022-03-03 17:31:53,730 basehttp 187 "GET /static/js/common.js HTTP/1.1" 404 1795
INFO 2022-03-03 17:38:24,920 basehttp 187 "GET /register/ HTTP/1.1" 200 3145
INFO 2022-03-03 17:38:24,942 basehttp 187 "GET /static/images/logo.png HTTP/1.1" 304 0
INFO 2022-03-03 17:38:24,943 basehttp 187 "GET /static/css/main.css HTTP/1.1" 200 40090
INFO 2022-03-03 17:38:24,947 basehttp 187 "GET /static/js/register.js HTTP/1.1" 200 1474
WARNING 2022-03-03 17:38:24,951 basehttp 187 "GET /static/js/common.js HTTP/1.1" 404 1795
WARNING 2022-03-03 17:38:24,979 basehttp 187 "GET /static/js/common.js HTTP/1.1" 404 1795
INFO 2022-03-03 17:41:10,101 basehttp 187 "GET /register/ HTTP/1.1" 200 3145
INFO 2022-03-03 17:41:10,114 basehttp 187 "GET /static/css/main.css HTTP/1.1" 304 0
INFO 2022-03-03 17:41:10,115 basehttp 187 "GET /static/js/register.js HTTP/1.1" 200 1506
WARNING 2022-03-03 17:41:10,120 basehttp 187 "GET /static/js/common.js HTTP/1.1" 404 1795
INFO 2022-03-07 11:07:59,212 autoreload 677 Watching for file changes with StatReloader
INFO 2022-03-07 11:08:03,751 basehttp 187 "GET /register/ HTTP/1.1" 200 3145
INFO 2022-03-07 11:08:03,775 basehttp 187 "GET /static/css/main.css HTTP/1.1" 304 0
INFO 2022-03-07 11:08:03,775 basehttp 187 "GET /static/images/logo.png HTTP/1.1" 304 0
INFO 2022-03-07 11:08:03,936 basehttp 187 "GET /static/js/register.js HTTP/1.1" 200 2131
WARNING 2022-03-07 11:08:04,091 basehttp 187 "GET /static/js/common.js HTTP/1.1" 404 1795
INFO 2022-03-07 11:08:52,758 basehttp 187 "GET /register/ HTTP/1.1" 200 3145
INFO 2022-03-07 11:08:52,773 basehttp 187 "GET /static/js/register.js HTTP/1.1" 304 0
WARNING 2022-03-07 11:08:52,775 basehttp 187 "GET /static/js/common.js HTTP/1.1" 404 1795
INFO 2022-03-07 11:09:20,193 autoreload 677 Watching for file changes with StatReloader
INFO 2022-03-07 11:09:23,505 basehttp 187 "GET /register/ HTTP/1.1" 200 3145
INFO 2022-03-07 11:09:23,534 basehttp 187 "GET /static/js/register.js HTTP/1.1" 304 0
WARNING 2022-03-07 11:09:23,552 basehttp 187 "GET /static/js/common.js HTTP/1.1" 404 1795
WARNING 2022-03-07 11:18:23,229 basehttp 187 "GET /static/js/axios.min.map HTTP/1.1" 404 1807
WARNING 2022-03-07 11:18:33,185 basehttp 187 "GET /static/js/axios.min.map HTTP/1.1" 404 1807
INFO 2022-03-07 11:20:08,034 basehttp 187 "GET /register/ HTTP/1.1" 200 3145
INFO 2022-03-07 11:20:08,068 basehttp 187 "GET /static/js/register.js HTTP/1.1" 304 0
WARNING 2022-03-07 11:20:08,071 basehttp 187 "GET /static/js/common.js HTTP/1.1" 404 1795
WARNING 2022-03-07 11:20:08,137 basehttp 187 "GET /static/js/axios.min.map HTTP/1.1" 404 1807
INFO 2022-03-07 11:28:55,104 autoreload 677 Watching for file changes with StatReloader
INFO 2022-03-07 11:29:02,563 basehttp 187 "GET /register/ HTTP/1.1" 200 3145
INFO 2022-03-07 11:29:02,589 basehttp 187 "GET /static/js/register.js HTTP/1.1" 304 0
WARNING 2022-03-07 11:29:02,685 basehttp 187 "GET /static/js/axios.min.map HTTP/1.1" 404 1807
INFO 2022-03-07 11:29:02,799 basehttp 187 "GET /static/js/common.js HTTP/1.1" 200 891
INFO 2022-03-07 11:31:30,889 autoreload 677 Watching for file changes with StatReloader
INFO 2022-03-07 11:31:35,284 basehttp 187 "GET /register/ HTTP/1.1" 200 3145
WARNING 2022-03-07 11:31:35,409 basehttp 187 "GET /static/js/axios.min.map HTTP/1.1" 404 1807
INFO 2022-03-07 11:31:35,541 basehttp 187 "GET /static/js/register.js HTTP/1.1" 200 2132
ERROR 2022-03-07 11:32:16,780 log 241 Internal Server Error: /register/
Traceback (most recent call last):
  File "D:\virtual_env\env1\lib\site-packages\django\core\handlers\exception.py", line 55, in inner
    response = get_response(request)
  File "D:\virtual_env\env1\lib\site-packages\django\core\handlers\base.py", line 204, in _get_response
    self.check_response(response, callback)
  File "D:\virtual_env\env1\lib\site-packages\django\core\handlers\base.py", line 332, in check_response
    raise ValueError(
ValueError: The view users.views.view didn't return an HttpResponse object. It returned None instead.
ERROR 2022-03-07 11:32:16,781 basehttp 187 "POST /register/ HTTP/1.1" 500 69441
WARNING 2022-03-07 11:32:19,470 basehttp 187 "GET /static/js/axios.min.map HTTP/1.1" 404 1807
INFO 2022-03-07 11:44:32,993 autoreload 677 Watching for file changes with StatReloader
INFO 2022-03-07 11:44:39,109 basehttp 187 "GET /register/ HTTP/1.1" 200 3145
INFO 2022-03-07 11:44:39,281 basehttp 187 "GET /static/js/register.js HTTP/1.1" 200 2168
WARNING 2022-03-07 11:44:52,795 basehttp 187 "GET /static/js/axios.min.map HTTP/1.1" 404 1807
INFO 2022-03-07 11:55:30,516 autoreload 677 Watching for file changes with StatReloader
INFO 2022-03-07 11:56:06,357 basehttp 187 "GET /register/ HTTP/1.1" 200 3167
INFO 2022-03-07 11:56:06,372 basehttp 187 "GET /static/js/register.js HTTP/1.1" 304 0
INFO 2022-03-07 12:02:40,880 basehttp 187 "GET /register/ HTTP/1.1" 200 3196
INFO 2022-03-07 12:02:41,084 basehttp 187 "GET /static/js/register.js HTTP/1.1" 200 2168
INFO 2022-03-07 12:02:44,703 basehttp 187 "GET /register/ HTTP/1.1" 200 3196
WARNING 2022-03-07 12:02:44,793 basehttp 187 "GET /static/js/axios.min.map HTTP/1.1" 404 1807
INFO 2022-03-07 12:04:41,444 autoreload 677 Watching for file changes with StatReloader
INFO 2022-03-07 12:04:58,560 autoreload 677 Watching for file changes with StatReloader
INFO 2022-03-07 12:05:01,147 basehttp 187 "GET /register/ HTTP/1.1" 200 3196
WARNING 2022-03-07 12:05:01,289 basehttp 187 "GET /static/js/axios.min.map HTTP/1.1" 404 1807
INFO 2022-03-07 12:05:01,367 basehttp 187 "GET /static/js/register.js HTTP/1.1" 200 2176
INFO 2022-03-07 12:18:56,822 autoreload 677 Watching for file changes with StatReloader
INFO 2022-03-07 12:18:59,038 basehttp 187 "GET /register/ HTTP/1.1" 200 3196
WARNING 2022-03-07 12:18:59,178 basehttp 187 "GET /static/js/axios.min.map HTTP/1.1" 404 1807
INFO 2022-03-07 12:18:59,290 basehttp 187 "GET /static/js/register.js HTTP/1.1" 200 2177
INFO 2022-03-07 12:20:42,938 autoreload 677 Watching for file changes with StatReloader
INFO 2022-03-07 12:20:46,108 basehttp 187 "GET /register/ HTTP/1.1" 200 3312
INFO 2022-03-07 12:20:46,128 basehttp 187 "GET /static/js/register.js HTTP/1.1" 304 0
WARNING 2022-03-07 12:20:55,633 log 241 Not Found: /
WARNING 2022-03-07 12:20:55,634 basehttp 187 "GET / HTTP/1.1" 404 2763
INFO 2022-03-07 12:21:01,485 basehttp 187 "GET /register/ HTTP/1.1" 200 3312
INFO 2022-03-07 12:21:03,740 basehttp 187 "GET /register/ HTTP/1.1" 200 3312
INFO 2022-03-07 12:21:04,168 basehttp 187 "GET /static/js/register.js HTTP/1.1" 304 0
INFO 2022-03-07 12:21:34,616 autoreload 677 Watching for file changes with StatReloader
INFO 2022-03-07 12:23:08,548 autoreload 677 Watching for file changes with StatReloader
INFO 2022-03-07 12:23:12,407 basehttp 187 "GET /register/ HTTP/1.1" 200 3309
INFO 2022-03-07 12:23:12,585 basehttp 187 "GET /static/js/register.js HTTP/1.1" 200 2180
INFO 2022-03-07 12:23:52,746 autoreload 677 Watching for file changes with StatReloader
INFO 2022-03-07 12:24:03,847 basehttp 187 "GET /register/ HTTP/1.1" 200 3259
INFO 2022-03-07 12:24:44,319 basehttp 187 "GET /register/ HTTP/1.1" 200 3309
INFO 2022-03-07 12:24:44,330 basehttp 187 "GET /static/js/register.js HTTP/1.1" 304 0
INFO 2022-03-07 12:24:56,761 basehttp 187 "GET /register/ HTTP/1.1" 200 3196
INFO 2022-03-07 12:24:56,773 basehttp 187 "GET /static/js/register.js HTTP/1.1" 304 0
INFO 2022-03-07 12:24:59,226 basehttp 187 "GET /register/ HTTP/1.1" 200 3196
WARNING 2022-03-07 12:25:03,459 basehttp 187 "GET /static/js/axios.min.map HTTP/1.1" 404 1807
INFO 2022-03-07 12:25:40,188 basehttp 187 "GET /register/ HTTP/1.1" 200 3196
WARNING 2022-03-07 12:25:40,235 basehttp 187 "GET /static/js/axios.min.map HTTP/1.1" 404 1807
INFO 2022-03-07 12:25:40,359 basehttp 187 "GET /static/js/register.js HTTP/1.1" 200 2177
INFO 2022-03-07 12:27:25,882 basehttp 187 "GET /register/ HTTP/1.1" 200 3196
INFO 2022-03-07 12:27:25,905 basehttp 187 "GET /static/js/register.js HTTP/1.1" 200 2196
INFO 2022-03-07 12:58:02,409 basehttp 187 "GET /register/ HTTP/1.1" 200 3242
INFO 2022-03-07 12:58:02,427 basehttp 187 "GET /static/js/register.js HTTP/1.1" 304 0
INFO 2022-03-07 13:49:29,808 autoreload 677 Watching for file changes with StatReloader
INFO 2022-03-07 13:49:41,249 basehttp 187 "GET /register/ HTTP/1.1" 200 5569
INFO 2022-03-07 13:49:41,929 basehttp 187 "GET /static/css/reset.css HTTP/1.1" 200 638
INFO 2022-03-07 13:49:41,931 basehttp 187 "GET /static/css/main.css HTTP/1.1" 200 40090
INFO 2022-03-07 13:49:41,966 basehttp 187 "GET /static/js/axios-0.18.0.min.js HTTP/1.1" 200 12941
INFO 2022-03-07 13:49:41,980 basehttp 187 "GET /static/js/common.js HTTP/1.1" 200 891
INFO 2022-03-07 13:49:41,987 basehttp 187 "GET /static/images/logo.png HTTP/1.1" 200 19467
INFO 2022-03-07 13:49:42,044 basehttp 187 "GET /static/js/vue-2.5.16.js HTTP/1.1" 200 289307
INFO 2022-03-07 13:49:42,084 basehttp 187 "GET /static/images/icons02.png HTTP/1.1" 200 3935
INFO 2022-03-07 13:49:42,084 basehttp 187 "GET /static/images/interval_line.png HTTP/1.1" 200 1123
INFO 2022-03-07 13:49:42,085 basehttp 187 "GET /static/images/register_banner.png HTTP/1.1" 200 54894
WARNING 2022-03-07 13:49:53,362 basehttp 187 "GET /static/js/axios.min.map HTTP/1.1" 404 1807
WARNING 2022-03-07 13:50:16,373 basehttp 187 "GET /static/js/axios.min.map HTTP/1.1" 404 1807
INFO 2022-03-07 14:00:14,236 autoreload 677 Watching for file changes with StatReloader
INFO 2022-03-07 14:00:19,471 basehttp 187 "GET /register/ HTTP/1.1" 200 5569
WARNING 2022-03-07 14:00:19,623 basehttp 187 "GET /static/js/axios.min.map HTTP/1.1" 404 1807
INFO 2022-03-07 14:00:42,579 autoreload 677 Watching for file changes with StatReloader
INFO 2022-03-07 14:00:45,059 basehttp 187 "GET /register/ HTTP/1.1" 200 5569
WARNING 2022-03-07 14:00:45,154 basehttp 187 "GET /static/js/axios.min.map HTTP/1.1" 404 1807
INFO 2022-03-07 14:04:49,830 basehttp 187 "GET /register/ HTTP/1.1" 200 5569
WARNING 2022-03-07 14:04:49,957 basehttp 187 "GET /static/js/axios.min.map HTTP/1.1" 404 1807
INFO 2022-03-07 14:04:57,051 autoreload 677 Watching for file changes with StatReloader
INFO 2022-03-07 14:04:59,823 basehttp 187 "GET /register/ HTTP/1.1" 200 5569
WARNING 2022-03-07 14:04:59,872 basehttp 187 "GET /static/js/axios.min.map HTTP/1.1" 404 1807
INFO 2022-03-07 14:06:38,153 autoreload 677 Watching for file changes with StatReloader
INFO 2022-03-07 14:06:57,821 basehttp 187 "GET /register/ HTTP/1.1" 200 5569
INFO 2022-03-07 14:06:58,498 basehttp 187 "GET /static/js/axios-0.18.0.min.js HTTP/1.1" 200 12942
INFO 2022-03-07 14:06:58,503 basehttp 187 "GET /static/css/reset.css HTTP/1.1" 200 638
INFO 2022-03-07 14:06:58,505 basehttp 187 "GET /static/css/main.css HTTP/1.1" 200 40090
INFO 2022-03-07 14:06:58,518 basehttp 187 "GET /static/js/common.js HTTP/1.1" 200 891
INFO 2022-03-07 14:06:58,544 basehttp 187 "GET /static/images/logo.png HTTP/1.1" 200 19467
INFO 2022-03-07 14:06:58,550 basehttp 187 "GET /static/js/vue-2.5.16.js HTTP/1.1" 200 289307
INFO 2022-03-07 14:06:58,600 basehttp 187 "GET /static/images/interval_line.png HTTP/1.1" 200 1123
INFO 2022-03-07 14:06:58,600 basehttp 187 "GET /static/images/icons02.png HTTP/1.1" 200 3935
INFO 2022-03-07 14:06:58,602 basehttp 187 "GET /static/images/register_banner.png HTTP/1.1" 200 54894
INFO 2022-03-07 14:11:49,547 autoreload 677 Watching for file changes with StatReloader
INFO 2022-03-07 14:11:53,318 basehttp 187 "GET /register/ HTTP/1.1" 200 5576
INFO 2022-03-07 14:11:53,338 basehttp 187 "GET /static/js/axios-0.18.0.min.js HTTP/1.1" 304 0
INFO 2022-03-07 14:12:34,057 basehttp 187 "GET /register/ HTTP/1.1" 200 5621
INFO 2022-03-07 14:12:34,072 basehttp 187 "GET /static/js/axios-0.18.0.min.js HTTP/1.1" 304 0
INFO 2022-03-07 14:16:35,208 basehttp 187 "GET /register/ HTTP/1.1" 200 5622
INFO 2022-03-07 14:16:35,226 basehttp 187 "GET /static/js/axios-0.18.0.min.js HTTP/1.1" 304 0
INFO 2022-03-07 14:17:09,320 basehttp 187 "GET /register/ HTTP/1.1" 200 5671
INFO 2022-03-07 14:17:35,426 basehttp 187 "GET /register/ HTTP/1.1" 200 5621
INFO 2022-03-07 14:21:33,155 basehttp 187 "GET /register/ HTTP/1.1" 200 5678
INFO 2022-03-07 14:21:33,174 basehttp 187 "GET /static/js/axios-0.18.0.min.js HTTP/1.1" 304 0
INFO 2022-03-07 14:21:45,208 basehttp 187 "GET /register/ HTTP/1.1" 200 5670
INFO 2022-03-07 14:26:30,132 basehttp 187 "GET /register/ HTTP/1.1" 200 5648
INFO 2022-03-07 14:26:30,155 basehttp 187 "GET /static/js/axios-0.18.0.min.js HTTP/1.1" 304 0
INFO 2022-03-07 14:27:29,721 basehttp 187 "GET /register/ HTTP/1.1" 200 5567
INFO 2022-03-07 17:04:40,019 autoreload 677 Watching for file changes with StatReloader
INFO 2022-03-07 17:07:59,151 autoreload 677 Watching for file changes with StatReloader
WARNING 2022-03-07 17:08:09,801 log 241 Not Found: /
WARNING 2022-03-07 17:08:09,802 basehttp 187 "GET / HTTP/1.1" 404 2763
WARNING 2022-03-07 17:08:11,242 log 241 Not Found: /favicon.ico
WARNING 2022-03-07 17:08:11,242 basehttp 187 "GET /favicon.ico HTTP/1.1" 404 2814
INFO 2022-03-07 17:08:22,144 basehttp 187 "GET /register HTTP/1.1" 301 0
INFO 2022-03-07 17:08:22,271 basehttp 187 "GET /register/ HTTP/1.1" 200 4282
INFO 2022-03-07 17:08:22,815 basehttp 187 "GET /static/css/reset.css HTTP/1.1" 200 638
INFO 2022-03-07 17:08:22,846 basehttp 187 "GET /static/js/axios-0.18.0.min.js HTTP/1.1" 200 12942
INFO 2022-03-07 17:08:22,870 basehttp 187 "GET /static/css/main.css HTTP/1.1" 200 40090
INFO 2022-03-07 17:08:22,978 basehttp 187 "GET /static/js/common.js HTTP/1.1" 200 891
INFO 2022-03-07 17:08:22,981 basehttp 187 "GET /static/js/register.js HTTP/1.1" 200 2203
INFO 2022-03-07 17:08:23,026 basehttp 187 "GET /static/images/logo.png HTTP/1.1" 200 19467
INFO 2022-03-07 17:08:25,598 basehttp 187 "GET /static/images/register_banner.png HTTP/1.1" 200 54894
INFO 2022-03-07 17:08:25,865 basehttp 187 "GET /static/images/interval_line.png HTTP/1.1" 200 1123
INFO 2022-03-07 17:08:25,865 basehttp 187 "GET /static/images/icons02.png HTTP/1.1" 200 3935
INFO 2022-03-07 17:11:02,007 basehttp 187 "GET /register/ HTTP/1.1" 200 4282
INFO 2022-03-07 17:12:54,787 basehttp 187 "GET /register/ HTTP/1.1" 200 4064
INFO 2022-03-07 17:12:54,815 basehttp 187 "GET /static/js/register.js HTTP/1.1" 200 2210
INFO 2022-03-07 17:15:50,271 basehttp 187 "GET /register/ HTTP/1.1" 200 4064
INFO 2022-03-07 17:15:50,301 basehttp 187 "GET /static/js/register.js HTTP/1.1" 200 2011
INFO 2022-03-07 17:22:20,354 basehttp 187 "GET /register/ HTTP/1.1" 200 4064
INFO 2022-03-07 17:22:20,401 basehttp 187 "GET /static/js/register.js HTTP/1.1" 200 1985
INFO 2022-03-07 17:40:50,749 autoreload 677 Watching for file changes with StatReloader
